-------------------------------------------------------------------------------
Test set: TestSuite
-------------------------------------------------------------------------------
Tests run: 3, Failures: 1, Errors: 0, Skipped: 0, Time elapsed: 35.663 s <<< FAILURE! - in TestSuite
CucumberOptions.TestNgTestRunner.runScenario["Search experience for product search in both home and offers page", "Search and place the order for products"](2)  Time elapsed: 32.77 s  <<< FAILURE!
java.lang.AssertionError: expected [Beetroot] but found [No data]

